synthesis:  version Diamond (64-bit) 3.8.0.115.3

Copyright (c) 1991-1994 by NeoCAD Inc. All rights reserved.
Copyright (c) 1995 AT&T Corp.   All rights reserved.
Copyright (c) 1995-2001 Lucent Technologies Inc.  All rights reserved.
Copyright (c) 2001 Agere Systems   All rights reserved.
Copyright (c) 2002-2016 Lattice Semiconductor Corporation,  All rights reserved.
Sat Aug 04 23:28:27 2018


Command Line:  synthesis -f counter60_impl1_lattice.synproj -gui 

Synthesis options:
The -a option is MachXO2.
The -s option is 5.
The -t option is CSBGA132.
The -d option is LCMXO2-4000HC.
Using package CSBGA132.
Using performance grade 5.
                                                          

##########################################################

### Lattice Family : MachXO2

### Device  : LCMXO2-4000HC

### Package : CSBGA132

### Speed   : 5

##########################################################

                                                          

Optimization goal = Balanced
Top-level module name = counter60.
Target frequency = 1.000000 MHz.
Maximum fanout = 1000.
Timing path count = 3
BRAM utilization = 100.000000 %
DSP usage = true
DSP utilization = 100.000000 %
fsm_encoding_style = auto
resolve_mixed_drivers = 0
fix_gated_clocks = 1

Mux style = Auto
Use Carry Chain = true
carry_chain_length = 0
Loop Limit = 1950.
Use IO Insertion = TRUE
Use IO Reg = AUTO

Resource Sharing = TRUE
Propagate Constants = TRUE
Remove Duplicate Registers = TRUE
force_gsr = auto
ROM style = auto
RAM style = auto
The -comp option is FALSE.
The -syn option is FALSE.
-p E:/fpgaproject/stepmxo2/swust/18.counter60 (searchpath added)
-p E:/Iscc/diamond/3.8_x64/ispfpga/xo2c00/data (searchpath added)
-p E:/fpgaproject/stepmxo2/swust/18.counter60/impl1 (searchpath added)
-p E:/fpgaproject/stepmxo2/swust/18.counter60 (searchpath added)
Verilog design file = E:/fpgaproject/stepmxo2/swust/18.counter60/impl1/source/Segment.v
Verilog design file = E:/fpgaproject/stepmxo2/swust/18.counter60/impl1/source/divide.v
Verilog design file = E:/fpgaproject/stepmxo2/swust/18.counter60/counter60.v
NGD file = counter60_impl1.ngd
-sdc option: SDC file input not used.
-lpf option: Output file option is ON.
Hardtimer checking is enabled (default). The -dt option is not used.
The -r option is OFF. [ Remove LOC Properties is OFF. ]
Technology check ok...

Analyzing Verilog file E:/Iscc/diamond/3.8_x64/ispfpga/userware/NT/SYNTHESIS_HEADERS/machxo2.v. VERI-1482
Compile design.
Compile Design Begin
Analyzing Verilog file e:/fpgaproject/stepmxo2/swust/18.counter60/impl1/source/segment.v. VERI-1482
Analyzing Verilog file e:/fpgaproject/stepmxo2/swust/18.counter60/impl1/source/divide.v. VERI-1482
Analyzing Verilog file e:/fpgaproject/stepmxo2/swust/18.counter60/counter60.v. VERI-1482
Analyzing Verilog file E:/Iscc/diamond/3.8_x64/ispfpga/userware/NT/SYNTHESIS_HEADERS/machxo2.v. VERI-1482
Top module name (Verilog): counter60
INFO - synthesis: e:/fpgaproject/stepmxo2/swust/18.counter60/counter60.v(12): compiling module counter60. VERI-1018
INFO - synthesis: e:/fpgaproject/stepmxo2/swust/18.counter60/impl1/source/divide.v(18): compiling module divide(WIDTH=24,N=12000000). VERI-1018
INFO - synthesis: e:/fpgaproject/stepmxo2/swust/18.counter60/impl1/source/segment.v(15): compiling module segment. VERI-1018
WARNING - synthesis: e:/fpgaproject/stepmxo2/swust/18.counter60/impl1/source/segment.v(23): net seg does not have a driver. VDB-1002
Loading NGL library 'E:/Iscc/diamond/3.8_x64/ispfpga/xo2c00a/data/xo2alib.ngl'...
Loading NGL library 'E:/Iscc/diamond/3.8_x64/ispfpga/xo2c00/data/xo2clib.ngl'...
Loading NGL library 'E:/Iscc/diamond/3.8_x64/ispfpga/mg5g00/data/mg5glib.ngl'...
Loading NGL library 'E:/Iscc/diamond/3.8_x64/ispfpga/or5g00/data/orc5glib.ngl'...
Loading device for application map from file 'xo2c4000.nph' in environment: E:/Iscc/diamond/3.8_x64/ispfpga.
Package Status:                     Final          Version 1.44.
Top-level module name = counter60.
WARNING - synthesis: e:/fpgaproject/stepmxo2/swust/18.counter60/impl1/source/segment.v(23): ram seg_original_ramnet has no write-port on it. VDB-1038



GSR instance connected to net rst_c.
Applying 1.000000 MHz constraint to all clocks

WARNING - synthesis: No user .sdc file.
Results of NGD DRC are available in counter60_drc.log.
Loading NGL library 'E:/Iscc/diamond/3.8_x64/ispfpga/xo2c00a/data/xo2alib.ngl'...
Loading NGL library 'E:/Iscc/diamond/3.8_x64/ispfpga/xo2c00/data/xo2clib.ngl'...
Loading NGL library 'E:/Iscc/diamond/3.8_x64/ispfpga/mg5g00/data/mg5glib.ngl'...
Loading NGL library 'E:/Iscc/diamond/3.8_x64/ispfpga/or5g00/data/orc5glib.ngl'...
All blocks are expanded and NGD expansion is successful.
Writing NGD file counter60_impl1.ngd.

################### Begin Area Report (counter60)######################
Number of register bits => 34 of 4635 (0 % )
CCU2D => 13
FD1P3AX => 6
FD1P3IX => 2
FD1S3AX => 1
FD1S3IX => 25
GSR => 1
IB => 3
LUT4 => 48
OB => 18
PFUMX => 1
################### End Area Report ##################

################### Begin BlackBox Report ######################
TSALL => 1
################### End BlackBox Report ##################

################### Begin Clock Report ######################
Clock Nets
Number of Clocks: 2
  Net : clk_c, loads : 26
  Net : u1/clk1h, loads : 8
Clock Enable Nets
Number of Clock Enables: 3
Top 3 highest fanout Clock Enables:
  Net : flag, loads : 5
  Net : clk1h_enable_5, loads : 4
  Net : clk1h_enable_6, loads : 2
Highest fanout non-clock nets
Top 10 highest fanout non-clock nets:
  Net : u1/n406, loads : 24
  Net : cnt_0, loads : 13
  Net : cnt_4, loads : 12
  Net : cnt_1, loads : 12
  Net : cnt_5, loads : 11
  Net : cnt_2, loads : 11
  Net : cnt_6, loads : 10
  Net : cnt_3, loads : 10
  Net : rst_c, loads : 9
  Net : cnt_7, loads : 9
################### End Clock Report ##################

Timing Report Summary
--------------
--------------------------------------------------------------------------------
Constraint                              |   Constraint|       Actual|Levels
--------------------------------------------------------------------------------
                                        |             |             |
create_clock -period 1000.000000 -name  |             |             |
clk1 [get_nets clk1h]                   |    1.000 MHz|  168.011 MHz|     4  
                                        |             |             |
create_clock -period 1000.000000 -name  |             |             |
clk0 [get_nets clk_c]                   |    1.000 MHz|  115.687 MHz|     6  
                                        |             |             |
--------------------------------------------------------------------------------


All constraints were met.


Peak Memory Usage: 56.645  MB

--------------------------------------------------------------
Elapsed CPU time for LSE flow : 0.734  secs
--------------------------------------------------------------
