Running in Lattice mode


Starting:    C:\lscc\diamond\3.9_x64\synpbase\bin64\mbin\synbatch.exe
Install:     C:\lscc\diamond\3.9_x64\synpbase
Hostname:    LAPTOP-NOOTTCCU
Date:        Wed Jun 26 13:37:32 2019
Version:     L-2016.09L

Arguments:   -product synplify_pro -batch FirstDemo_impl1_synplify.tcl
ProductType: synplify_pro





Technology initialized from device list to: LATTICE-XP

log file: "C:\Users\PC\Desktop\FOR STEP FPGA\step fpga user manual\MXO2\FirstDemo\project\impl1\FirstDemo_impl1.srr"

Running: impl1 in foreground



Running proj_1|impl1


Running: compile (Compile) on proj_1|impl1
# Wed Jun 26 13:37:32 2019


Running: compile_flow (Compile Process) on proj_1|impl1
# Wed Jun 26 13:37:32 2019


Running: compiler (Compile Input) on proj_1|impl1
# Wed Jun 26 13:37:32 2019

Copied C:\Users\PC\Desktop\FOR STEP FPGA\step fpga user manual\MXO2\FirstDemo\project\impl1\synwork\FirstDemo_impl1_comp.srs to C:\Users\PC\Desktop\FOR STEP FPGA\step fpga user manual\MXO2\FirstDemo\project\impl1\FirstDemo_impl1.srs


compiler completed
# Wed Jun 26 13:37:33 2019

Return Code: 0
Run Time:00h:00m:01s


Running: multi_srs_gen (Multi-srs Generator) on proj_1|impl1
# Wed Jun 26 13:37:33 2019


multi_srs_gen completed
# Wed Jun 26 13:37:34 2019

Return Code: 0
Run Time:00h:00m:01s

Copied C:\Users\PC\Desktop\FOR STEP FPGA\step fpga user manual\MXO2\FirstDemo\project\impl1\synwork\FirstDemo_impl1_mult.srs to C:\Users\PC\Desktop\FOR STEP FPGA\step fpga user manual\MXO2\FirstDemo\project\impl1\FirstDemo_impl1.srs

Copied C:\Users\PC\Desktop\FOR STEP FPGA\step fpga user manual\MXO2\FirstDemo\project\impl1\FirstDemo_impl1.srr to C:\Users\PC\Desktop\FOR STEP FPGA\step fpga user manual\MXO2\FirstDemo\project\impl1\FirstDemo_impl1.srf

Complete: Compile Process on proj_1|impl1


Running: premap (Pre-mapping) on proj_1|impl1
# Wed Jun 26 13:37:34 2019


premap completed with warnings
# Wed Jun 26 13:37:34 2019

Return Code: 1
Run Time:00h:00m:00s

Complete: Compile on proj_1|impl1


Running: map (Map) on proj_1|impl1
# Wed Jun 26 13:37:34 2019

License granted for 4 parallel jobs


Running: fpga_mapper (Map & Optimize) on proj_1|impl1
# Wed Jun 26 13:37:34 2019

Copied C:\Users\PC\Desktop\FOR STEP FPGA\step fpga user manual\MXO2\FirstDemo\project\impl1\synwork\FirstDemo_impl1_m.srm to C:\Users\PC\Desktop\FOR STEP FPGA\step fpga user manual\MXO2\FirstDemo\project\impl1\FirstDemo_impl1.srm


fpga_mapper completed with warnings
# Wed Jun 26 13:37:36 2019

Return Code: 1
Run Time:00h:00m:02s

Complete: Map on proj_1|impl1

Copied C:\Users\PC\Desktop\FOR STEP FPGA\step fpga user manual\MXO2\FirstDemo\project\impl1\FirstDemo_impl1.srr to C:\Users\PC\Desktop\FOR STEP FPGA\step fpga user manual\MXO2\FirstDemo\project\impl1\FirstDemo_impl1.srf

Complete: Logic Synthesis on proj_1|impl1

TCL script complete: "FirstDemo_impl1_synplify.tcl"

exit status=0

exit status=0

Save changes for project:
C:\Users\PC\Desktop\FOR STEP FPGA\step fpga user manual\MXO2\FirstDemo\project\impl1\proj_1.prj

batch mode default:no

