
bitgen -f "STEP_V21_Code_impl1.t2b" -w "STEP_V21_Code_impl1.ncd" -jedec "STEP_V21_Code_impl1.prf"


BITGEN: Bitstream Generator Diamond (64-bit) 3.6.0.83.4
Copyright (c) 1991-1994 by NeoCAD Inc. All rights reserved.
Copyright (c) 1995 AT&T Corp.   All rights reserved.
Copyright (c) 1995-2001 Lucent Technologies Inc.  All rights reserved.
Copyright (c) 2001 Agere Systems   All rights reserved.
Copyright (c) 2002-2015 Lattice Semiconductor Corporation,  All rights reserved.


Loading design for application Bitgen from file STEP_V21_Code_impl1.ncd.
Design name: STEP_V21_Test
NCD version: 3.3
Vendor:      LATTICE
Device:      LCMXO2-4000HC
Package:     CSBGA132
Performance: 4
Loading device for application Bitgen from file 'xo2c4000.nph' in environment: C:/lscc/diamond/3.6_x64/ispfpga.
Package Status:                     Final          Version 1.3.
Performance Hardware Data Status:   Final          Version 31.4.

Running DRC.
DRC detected 0 errors and 0 warnings.
Reading Preference File from STEP_V21_Code_impl1.prf.

Preference Summary:
+---------------------------------+---------------------------------+
|  Preference                     |  Current Setting                |
+---------------------------------+---------------------------------+
|                         RamCfg  |                        Reset**  |
+---------------------------------+---------------------------------+
|                     MCCLK_FREQ  |                         2.08**  |
+---------------------------------+---------------------------------+
|                  CONFIG_SECURE  |                          OFF**  |
+---------------------------------+---------------------------------+
|                      JTAG_PORT  |                       ENABLE**  |
+---------------------------------+---------------------------------+
|                       SDM_PORT  |                      DISABLE**  |
+---------------------------------+---------------------------------+
|                 SLAVE_SPI_PORT  |                      DISABLE**  |
+---------------------------------+---------------------------------+
|                MASTER_SPI_PORT  |                      DISABLE**  |
+---------------------------------+---------------------------------+
|                       I2C_PORT  |                      DISABLE**  |
+---------------------------------+---------------------------------+
|        MUX_CONFIGURATION_PORTS  |                      DISABLE**  |
+---------------------------------+---------------------------------+
|                  CONFIGURATION  |                          CFG**  |
+---------------------------------+---------------------------------+
|                COMPRESS_CONFIG  |                           ON**  |
+---------------------------------+---------------------------------+
|                        MY_ASSP  |                          OFF**  |
+---------------------------------+---------------------------------+
|               ONE_TIME_PROGRAM  |                          OFF**  |
+---------------------------------+---------------------------------+
|                 ENABLE_TRANSFR  |                      DISABLE**  |
+---------------------------------+---------------------------------+
|                  SHAREDEBRINIT  |                      DISABLE**  |
+---------------------------------+---------------------------------+
|            BACKGROUND_RECONFIG  |                          OFF**  |
+---------------------------------+---------------------------------+
 *  Default setting.
 ** The specified setting matches the default setting.


Creating bit map...
 
Bitstream Status: Final           Version 1.88.
 
Saving bit stream in "STEP_V21_Code_impl1.jed".
 
===========
UFM Summary.
===========
UFM Size:        767 Pages (128*767 Bits).
UFM Utilization: General Purpose Flash Memory.
 
Available General Purpose Flash Memory:  767 Pages (Page 0 to Page 766).
Initialized UFM Pages:                     0 Page.
 
