
synthesis -f "stepmotor2_impl1_lattice.synproj"
synthesis:  version Diamond (64-bit) 3.8.0.115.3

Copyright (c) 1991-1994 by NeoCAD Inc. All rights reserved.
Copyright (c) 1995 AT&T Corp.   All rights reserved.
Copyright (c) 1995-2001 Lucent Technologies Inc.  All rights reserved.
Copyright (c) 2001 Agere Systems   All rights reserved.
Copyright (c) 2002-2016 Lattice Semiconductor Corporation,  All rights reserved.
Sun Aug 05 13:56:03 2018


Command Line:  synthesis -f stepmotor2_impl1_lattice.synproj -gui 

    <postMsg mid="35002000" type="Info"    dynamic="0" navigation="0"  />
Synthesis options:
The -a option is MachXO2.
The -s option is 4.
The -t option is CSBGA132.
The -d option is LCMXO2-4000HC.
Using package CSBGA132.
Using performance grade 4.
                                                          

##########################################################

### Lattice Family : MachXO2

### Device  : LCMXO2-4000HC

### Package : CSBGA132

### Speed   : 4

##########################################################

                                                          

Optimization goal = Balanced
Top-level module name = stepmotor2.
Target frequency = 1.000000 MHz.
Maximum fanout = 1000.
Timing path count = 3
BRAM utilization = 100.000000 %
DSP usage = true
DSP utilization = 100.000000 %
fsm_encoding_style = auto
resolve_mixed_drivers = 0
fix_gated_clocks = 1

Mux style = Auto
Use Carry Chain = true
carry_chain_length = 0
Loop Limit = 1950.
Use IO Insertion = TRUE
Use IO Reg = AUTO

Resource Sharing = TRUE
Propagate Constants = TRUE
Remove Duplicate Registers = TRUE
force_gsr = auto
ROM style = auto
RAM style = auto
The -comp option is FALSE.
The -syn option is FALSE.
-p E:/fpgaproject/stepmxo2/swust/20.stepmotor2 (searchpath added)
-p E:/Iscc/diamond/3.8_x64/ispfpga/xo2c00/data (searchpath added)
-p E:/fpgaproject/stepmxo2/swust/20.stepmotor2/impl1 (searchpath added)
-p E:/fpgaproject/stepmxo2/swust/20.stepmotor2 (searchpath added)
Verilog design file = E:/fpgaproject/stepmxo2/swust/20.stepmotor2/impl1/source/divide.v
Verilog design file = E:/fpgaproject/stepmxo2/swust/20.stepmotor2/stepmotor2.v
NGD file = stepmotor2_impl1.ngd
-sdc option: SDC file input not used.
-lpf option: Output file option is ON.
Hardtimer checking is enabled (default). The -dt option is not used.
The -r option is OFF. [ Remove LOC Properties is OFF. ]
Technology check ok...

Analyzing Verilog file E:/Iscc/diamond/3.8_x64/ispfpga/userware/NT/SYNTHESIS_HEADERS/machxo2.v. VERI-1482
Compile design.
Compile Design Begin
Analyzing Verilog file e:/fpgaproject/stepmxo2/swust/20.stepmotor2/impl1/source/divide.v. VERI-1482
Analyzing Verilog file e:/fpgaproject/stepmxo2/swust/20.stepmotor2/stepmotor2.v. VERI-1482
Analyzing Verilog file E:/Iscc/diamond/3.8_x64/ispfpga/userware/NT/SYNTHESIS_HEADERS/machxo2.v. VERI-1482
Top module name (Verilog): stepmotor2
    <postMsg mid="35901018" type="Info"    dynamic="2" navigation="2" arg0="e:/fpgaproject/stepmxo2/swust/20.stepmotor2/stepmotor2.v(15): " arg1="stepmotor2" arg2="e:/fpgaproject/stepmxo2/swust/20.stepmotor2/stepmotor2.v" arg3="15"  />
    <postMsg mid="35901018" type="Info"    dynamic="2" navigation="2" arg0="e:/fpgaproject/stepmxo2/swust/20.stepmotor2/impl1/source/divide.v(18): " arg1="divide(WIDTH=24,N=12000000)" arg2="e:/fpgaproject/stepmxo2/swust/20.stepmotor2/impl1/source/divide.v" arg3="18"  />
Last elaborated design is stepmotor2()
Loading NGL library 'E:/Iscc/diamond/3.8_x64/ispfpga/xo2c00a/data/xo2alib.ngl'...
Loading NGL library 'E:/Iscc/diamond/3.8_x64/ispfpga/xo2c00/data/xo2clib.ngl'...
Loading NGL library 'E:/Iscc/diamond/3.8_x64/ispfpga/mg5g00/data/mg5glib.ngl'...
Loading NGL library 'E:/Iscc/diamond/3.8_x64/ispfpga/or5g00/data/orc5glib.ngl'...
Loading device for application map from file 'xo2c4000.nph' in environment: E:/Iscc/diamond/3.8_x64/ispfpga.
Package Status:                     Final          Version 1.44.
Top-level module name = stepmotor2.



Duplicate register/latch removal. ctrl_i2 is a one-to-one match with cur_state_i1.
GSR instance connected to net rst_c.
Applying 1.000000 MHz constraint to all clocks

    <postMsg mid="35001611" type="Warning" dynamic="0" navigation="0"  />
Results of NGD DRC are available in stepmotor2_drc.log.
Loading NGL library 'E:/Iscc/diamond/3.8_x64/ispfpga/xo2c00a/data/xo2alib.ngl'...
Loading NGL library 'E:/Iscc/diamond/3.8_x64/ispfpga/xo2c00/data/xo2clib.ngl'...
Loading NGL library 'E:/Iscc/diamond/3.8_x64/ispfpga/mg5g00/data/mg5glib.ngl'...
Loading NGL library 'E:/Iscc/diamond/3.8_x64/ispfpga/or5g00/data/orc5glib.ngl'...


Running DRC...

DRC complete with no errors or warnings

Design Results:
     76 blocks expanded
completed the first expansion
All blocks are expanded and NGD expansion is successful.
Writing NGD file stepmotor2_impl1.ngd.

################### Begin Area Report (stepmotor2)######################
Number of register bits => 30 of 4635 (0 % )
CCU2D => 13
FD1S3AX => 3
FD1S3AY => 2
FD1S3IX => 25
GSR => 1
IB => 3
LUT4 => 22
OB => 4
################### End Area Report ##################

################### Begin BlackBox Report ######################
TSALL => 1
################### End BlackBox Report ##################

################### Begin Clock Report ######################
Clock Nets
Number of Clocks: 2
  Net : clk_c, loads : 25
  Net : u1/clk1h, loads : 5
Clock Enable Nets
Number of Clock Enables: 0
Top 0 highest fanout Clock Enables:
Highest fanout non-clock nets
Top 10 highest fanout non-clock nets:
  Net : u1/n118, loads : 24
  Net : rst_c, loads : 6
  Net : led_c_1, loads : 5
  Net : dir_c, loads : 4
  Net : cur_state_0, loads : 3
  Net : u1/cnt_p_23, loads : 3
  Net : u1/cnt_p_22, loads : 3
  Net : u1/cnt_p_21, loads : 3
  Net : u1/cnt_p_15, loads : 3
  Net : u1/cnt_p_16, loads : 3
################### End Clock Report ##################

Timing Report Summary
--------------
--------------------------------------------------------------------------------
Constraint                              |   Constraint|       Actual|Levels
--------------------------------------------------------------------------------
                                        |             |             |
create_clock -period 1000.000000 -name  |             |             |
clk1 [get_nets clk1h]                   |    1.000 MHz|  285.714 MHz|     2  
                                        |             |             |
create_clock -period 1000.000000 -name  |             |             |
clk0 [get_nets clk_c]                   |    1.000 MHz|   99.315 MHz|     6  
                                        |             |             |
--------------------------------------------------------------------------------


All constraints were met.


Peak Memory Usage: 56.445  MB

--------------------------------------------------------------
Elapsed CPU time for LSE flow : 0.625  secs
--------------------------------------------------------------

map -a "MachXO2" -p LCMXO2-4000HC -t CSBGA132 -s 4 -oc Commercial   "stepmotor2_impl1.ngd" -o "stepmotor2_impl1_map.ncd" -pr "stepmotor2_impl1.prf" -mp "stepmotor2_impl1.mrp" -lpf "E:/fpgaproject/stepmxo2/swust/20.stepmotor2/impl1/stepmotor2_impl1.lpf" -lpf "E:/fpgaproject/stepmxo2/swust/20.stepmotor2/stepmotor2.lpf" -c 0            
map:  version Diamond (64-bit) 3.8.0.115.3

Copyright (c) 1991-1994 by NeoCAD Inc. All rights reserved.
Copyright (c) 1995 AT&T Corp.   All rights reserved.
Copyright (c) 1995-2001 Lucent Technologies Inc.  All rights reserved.
Copyright (c) 2001 Agere Systems   All rights reserved.
Copyright (c) 2002-2016 Lattice Semiconductor Corporation,  All rights reserved.
   Process the file: stepmotor2_impl1.ngd
   Picdevice="LCMXO2-4000HC"

   Pictype="CSBGA132"

   Picspeed=4

   Remove unused logic

   Do not produce over sized NCDs.

Part used: LCMXO2-4000HCCSBGA132, Performance used: 4.

Loading device for application map from file 'xo2c4000.nph' in environment: E:/Iscc/diamond/3.8_x64/ispfpga.
Package Status:                     Final          Version 1.44.

Running general design DRC...

Removing unused logic...

Optimizing...




Design Summary:
   Number of registers:     30 out of  4635 (1%)
      PFU registers:           30 out of  4320 (1%)
      PIO registers:            0 out of   315 (0%)
   Number of SLICEs:        25 out of  2160 (1%)
      SLICEs as Logic/ROM:     25 out of  2160 (1%)
      SLICEs as RAM:            0 out of  1620 (0%)
      SLICEs as Carry:         13 out of  2160 (1%)
   Number of LUT4s:         47 out of  4320 (1%)
      Number used as logic LUTs:         21
      Number used as distributed RAM:     0
      Number used as ripple logic:       26
      Number used as shift registers:     0
   Number of PIO sites used: 7 + 4(JTAG) out of 105 (10%)
   Number of block RAMs:  0 out of 10 (0%)
   Number of GSRs:  1 out of 1 (100%)
   EFB used :       No
   JTAG used :      No
   Readback used :  No
   Oscillator used :  No
   Startup used :   No
   POR :            On
   Bandgap :        On
   Number of Power Controller:  0 out of 1 (0%)
   Number of Dynamic Bank Controller (BCINRD):  0 out of 6 (0%)
   Number of Dynamic Bank Controller (BCLVDSO):  0 out of 1 (0%)
   Number of DCCA:  0 out of 8 (0%)
   Number of DCMA:  0 out of 2 (0%)
   Number of PLLs:  0 out of 2 (0%)
   Number of DQSDLLs:  0 out of 2 (0%)
   Number of CLKDIVC:  0 out of 4 (0%)
   Number of ECLKSYNCA:  0 out of 4 (0%)
   Number of ECLKBRIDGECS:  0 out of 2 (0%)
   Notes:-
      1. Total number of LUT4s = (Number of logic LUT4s) + 2*(Number of distributed RAMs) + 2*(Number of ripple logic)
      2. Number of logic LUT4s does not include count of distributed RAM and ripple logic.
   Number of clocks:  2
     Net clk1h: 4 loads, 4 rising, 0 falling (Driver: u1/clk_p_30 )
     Net clk_c: 14 loads, 14 rising, 0 falling (Driver: PIO clk )
   Number of Clock Enables:  0
   Number of LSRs:  2
     Net rst_c: 1 loads, 1 LSLICEs
     Net u1/n118: 13 loads, 13 LSLICEs
   Number of nets driven by tri-state buffers:  0
   Top 10 highest fanout non-clock nets:
     Net u1/n118: 13 loads
     Net rst_c: 6 loads
     Net led_c_1: 5 loads
     Net dir_c: 4 loads
     Net cur_state_0: 3 loads
     Net u1/cnt_p_15: 3 loads
     Net u1/cnt_p_16: 3 loads
     Net u1/cnt_p_21: 3 loads
     Net u1/cnt_p_22: 3 loads
     Net u1/cnt_p_23: 3 loads
 

   Number of warnings:  0
   Number of errors:    0



Total CPU Time: 0 secs  
Total REAL Time: 0 secs  
Peak Memory Usage: 48 MB

Dumping design to file stepmotor2_impl1_map.ncd.

ncd2vdb "stepmotor2_impl1_map.ncd" ".vdbs/stepmotor2_impl1_map.vdb"

Loading device for application ncd2vdb from file 'xo2c4000.nph' in environment: E:/Iscc/diamond/3.8_x64/ispfpga.

mpartrce -p "stepmotor2_impl1.p2t" -f "stepmotor2_impl1.p3t" -tf "stepmotor2_impl1.pt" "stepmotor2_impl1_map.ncd" "stepmotor2_impl1.ncd"

---- MParTrce Tool ----
Removing old design directory at request of -rem command line option to this program.
Running par. Please wait . . .

Lattice Place and Route Report for Design "stepmotor2_impl1_map.ncd"
Sun Aug 05 13:56:06 2018

PAR: Place And Route Diamond (64-bit) 3.8.0.115.3.
Command Line: par -w -l 5 -i 6 -t 1 -c 0 -e 0 -gui -exp parUseNBR=1:parCDP=0:parCDR=0:parPathBased=OFF stepmotor2_impl1_map.ncd stepmotor2_impl1.dir/5_1.ncd stepmotor2_impl1.prf
Preference file: stepmotor2_impl1.prf.
Placement level-cost: 5-1.
Routing Iterations: 6

Loading design for application par from file stepmotor2_impl1_map.ncd.
Design name: stepmotor2
NCD version: 3.3
Vendor:      LATTICE
Device:      LCMXO2-4000HC
Package:     CSBGA132
Performance: 4
Loading device for application par from file 'xo2c4000.nph' in environment: E:/Iscc/diamond/3.8_x64/ispfpga.
Package Status:                     Final          Version 1.44.
Performance Hardware Data Status:   Final          Version 34.4.
License checked out.


Ignore Preference Error(s):  True
Device utilization summary:

   PIO (prelim)    7+4(JTAG)/280     4% used
                   7+4(JTAG)/105     10% bonded

   SLICE             25/2160          1% used

   GSR                1/1           100% used


Number of Signals: 90
Number of Connections: 172

Pin Constraint Summary:
   7 out of 7 pins locked (100% locked).

The following 1 signal is selected to use the primary clock routing resources:
    clk_c (driver: clk, clk load #: 14)

    <postMsg mid="61061008" type="Warning" dynamic="5" navigation="0" arg0="clk_c" arg1="Primary" arg2="clk" arg3="C1" arg4="Primary"  />

The following 1 signal is selected to use the secondary clock routing resources:
    u1/n118 (driver: u1/SLICE_18, clk load #: 0, sr load #: 13, ce load #: 0)

Signal rst_c is selected as Global Set/Reset.
Starting Placer Phase 0.

Finished Placer Phase 0.  REAL time: 0 secs 

Starting Placer Phase 1.
..................
Placer score = 7291.
Finished Placer Phase 1.  REAL time: 2 secs 

Starting Placer Phase 2.
.
Placer score =  7286
Finished Placer Phase 2.  REAL time: 2 secs 


------------------ Clock Report ------------------

Global Clock Resources:
  CLK_PIN    : 0 out of 8 (0%)
  General PIO: 1 out of 280 (0%)
  PLL        : 0 out of 2 (0%)
  DCM        : 0 out of 2 (0%)
  DCC        : 0 out of 8 (0%)

Quadrants All (TL, TR, BL, BR) - Global Clocks:
  PRIMARY "clk_c" from comp "clk" on PIO site "C1 (PL4A)", clk load = 14
  SECONDARY "u1/n118" from F0 on comp "u1/SLICE_18" on site "R12C17C", clk load = 0, ce load = 0, sr load = 13

  PRIMARY  : 1 out of 8 (12%)
  SECONDARY: 1 out of 8 (12%)

Edge Clocks:
  No edge clock selected.

--------------- End of Clock Report ---------------


I/O Usage Summary (final):
   7 + 4(JTAG) out of 280 (3.9%) PIO sites used.
   7 + 4(JTAG) out of 105 (10.5%) bonded PIO sites used.
   Number of PIO comps: 7; differential: 0.
   Number of Vref pins used: 0.

I/O Bank Usage Summary:
+----------+---------------+------------+-----------+
| I/O Bank | Usage         | Bank Vccio | Bank Vref |
+----------+---------------+------------+-----------+
| 0        | 0 / 26 (  0%) | -          | -         |
| 1        | 3 / 26 ( 11%) | 2.5V       | -         |
| 2        | 3 / 28 ( 10%) | 2.5V       | -         |
| 3        | 0 / 7 (  0%)  | -          | -         |
| 4        | 0 / 8 (  0%)  | -          | -         |
| 5        | 1 / 10 ( 10%) | 2.5V       | -         |
+----------+---------------+------------+-----------+

Total placer CPU time: 2 secs 

Dumping design to file stepmotor2_impl1.dir/5_1.ncd.


-----------------------------------------------------------------
INFO - par: ASE feature is off due to non timing-driven settings.  
-----------------------------------------------------------------

0 connections routed; 172 unrouted.
Starting router resource preassignment

    <postMsg mid="66011008" type="Warning" dynamic="1" navigation="0" arg0="&#xA;   Signal=clk1h loads=4 clock_loads=4"  />

Completed router resource preassignment. Real time: 3 secs 

Start NBR router at 13:56:09 08/05/18

*****************************************************************
Info: NBR allows conflicts(one node used by more than one signal)
      in the earlier iterations. In each iteration, it tries to  
      solve the conflicts while keeping the critical connections 
      routed as short as possible. The routing process is said to
      be completed when no conflicts exist and all connections   
      are routed.                                                
Note: NBR uses a different method to calculate timing slacks. The
      worst slack and total negative slack may not be the same as
      that in TRCE report. You should always run TRCE to verify  
      your design.                                               
*****************************************************************

Start NBR special constraint process at 13:56:09 08/05/18

Start NBR section for initial routing at 13:56:09 08/05/18
Level 4, iteration 1
1(0.00%) conflict; 0(0.00%) untouched conn; 0 (nbr) score; real time: 3 secs 

Info: Initial congestion level at 75% usage is 0
Info: Initial congestion area  at 75% usage is 0 (0.00%)

Start NBR section for normal routing at 13:56:09 08/05/18
Level 4, iteration 1
0(0.00%) conflict; 0(0.00%) untouched conn; 0 (nbr) score; real time: 3 secs 

Start NBR section for re-routing at 13:56:09 08/05/18
Level 4, iteration 1
0(0.00%) conflict; 0(0.00%) untouched conn; 0 (nbr) score; real time: 3 secs 

Start NBR section for post-routing at 13:56:09 08/05/18

End NBR router with 0 unrouted connection

NBR Summary
-----------
  Number of unrouted connections : 0 (0.00%)
  Number of connections with timing violations : 0 (0.00%)
  Estimated worst slack<setup> : <n/a>
  Timing score<setup> : 0
-----------
Notes: The timing info is calculated for SETUP only and all PAR_ADJs are ignored.



    <postMsg mid="66011008" type="Warning" dynamic="1" navigation="0" arg0="&#xA;   Signal=clk1h loads=4 clock_loads=4"  />

Total CPU time 2 secs 
Total REAL time: 3 secs 
Completely routed.
End of route.  172 routed (100.00%); 0 unrouted.

Hold time timing score: 0, hold timing errors: 0

Timing score: 0 

Dumping design to file stepmotor2_impl1.dir/5_1.ncd.


PAR_SUMMARY::Run status = completed
PAR_SUMMARY::Number of unrouted conns = 0
PAR_SUMMARY::Worst  slack<setup/<ns>> = <n/a>
PAR_SUMMARY::Timing score<setup/<ns>> = <n/a>
PAR_SUMMARY::Worst  slack<hold /<ns>> = <n/a>
PAR_SUMMARY::Timing score<hold /<ns>> = <n/a>
PAR_SUMMARY::Number of errors = 0

Total CPU  time to completion: 3 secs 
Total REAL time to completion: 3 secs 

par done!

Copyright (c) 1991-1994 by NeoCAD Inc. All rights reserved.
Copyright (c) 1995 AT&T Corp.   All rights reserved.
Copyright (c) 1995-2001 Lucent Technologies Inc.  All rights reserved.
Copyright (c) 2001 Agere Systems   All rights reserved.
Copyright (c) 2002-2016 Lattice Semiconductor Corporation,  All rights reserved.
Exiting par with exit code 0
Exiting mpartrce with exit code 0

bitgen -f "stepmotor2_impl1.t2b" -w "stepmotor2_impl1.ncd" -jedec "stepmotor2_impl1.prf"


BITGEN: Bitstream Generator Diamond (64-bit) 3.8.0.115.3
Copyright (c) 1991-1994 by NeoCAD Inc. All rights reserved.
Copyright (c) 1995 AT&T Corp.   All rights reserved.
Copyright (c) 1995-2001 Lucent Technologies Inc.  All rights reserved.
Copyright (c) 2001 Agere Systems   All rights reserved.
Copyright (c) 2002-2016 Lattice Semiconductor Corporation,  All rights reserved.


Loading design for application Bitgen from file stepmotor2_impl1.ncd.
Design name: stepmotor2
NCD version: 3.3
Vendor:      LATTICE
Device:      LCMXO2-4000HC
Package:     CSBGA132
Performance: 4
Loading device for application Bitgen from file 'xo2c4000.nph' in environment: E:/Iscc/diamond/3.8_x64/ispfpga.
Package Status:                     Final          Version 1.44.
Performance Hardware Data Status:   Final          Version 34.4.

Running DRC.
DRC detected 0 errors and 0 warnings.
Reading Preference File from stepmotor2_impl1.prf.

Preference Summary:
+---------------------------------+---------------------------------+
|  Preference                     |  Current Setting                |
+---------------------------------+---------------------------------+
|                         RamCfg  |                        Reset**  |
+---------------------------------+---------------------------------+
|                     MCCLK_FREQ  |                         2.08**  |
+---------------------------------+---------------------------------+
|                  CONFIG_SECURE  |                          OFF**  |
+---------------------------------+---------------------------------+
|                      JTAG_PORT  |                       ENABLE**  |
+---------------------------------+---------------------------------+
|                       SDM_PORT  |                      DISABLE**  |
+---------------------------------+---------------------------------+
|                 SLAVE_SPI_PORT  |                      DISABLE**  |
+---------------------------------+---------------------------------+
|                MASTER_SPI_PORT  |                      DISABLE**  |
+---------------------------------+---------------------------------+
|                       I2C_PORT  |                      DISABLE**  |
+---------------------------------+---------------------------------+
|        MUX_CONFIGURATION_PORTS  |                      DISABLE**  |
+---------------------------------+---------------------------------+
|                  CONFIGURATION  |                          CFG**  |
+---------------------------------+---------------------------------+
|                COMPRESS_CONFIG  |                           ON**  |
+---------------------------------+---------------------------------+
|                        MY_ASSP  |                          OFF**  |
+---------------------------------+---------------------------------+
|               ONE_TIME_PROGRAM  |                          OFF**  |
+---------------------------------+---------------------------------+
|                 ENABLE_TRANSFR  |                      DISABLE**  |
+---------------------------------+---------------------------------+
|                  SHAREDEBRINIT  |                      DISABLE**  |
+---------------------------------+---------------------------------+
|            BACKGROUND_RECONFIG  |                          OFF**  |
+---------------------------------+---------------------------------+
 *  Default setting.
 ** The specified setting matches the default setting.


Creating bit map...
 
Bitstream Status: Final           Version 1.92.
 
Saving bit stream in "stepmotor2_impl1.jed".
 
===========
UFM Summary.
===========
UFM Size:        767 Pages (128*767 Bits).
UFM Utilization: General Purpose Flash Memory.
 
Available General Purpose Flash Memory:  767 Pages (Page 0 to Page 766).
Initialized UFM Pages:                     0 Page.
 
