synthesis:  version Diamond (64-bit) 3.8.0.115.3

Copyright (c) 1991-1994 by NeoCAD Inc. All rights reserved.
Copyright (c) 1995 AT&T Corp.   All rights reserved.
Copyright (c) 1995-2001 Lucent Technologies Inc.  All rights reserved.
Copyright (c) 2001 Agere Systems   All rights reserved.
Copyright (c) 2002-2016 Lattice Semiconductor Corporation,  All rights reserved.
Sun Aug 05 13:56:03 2018


Command Line:  synthesis -f stepmotor2_impl1_lattice.synproj -gui 

Synthesis options:
The -a option is MachXO2.
The -s option is 4.
The -t option is CSBGA132.
The -d option is LCMXO2-4000HC.
Using package CSBGA132.
Using performance grade 4.
                                                          

##########################################################

### Lattice Family : MachXO2

### Device  : LCMXO2-4000HC

### Package : CSBGA132

### Speed   : 4

##########################################################

                                                          

Optimization goal = Balanced
Top-level module name = stepmotor2.
Target frequency = 1.000000 MHz.
Maximum fanout = 1000.
Timing path count = 3
BRAM utilization = 100.000000 %
DSP usage = true
DSP utilization = 100.000000 %
fsm_encoding_style = auto
resolve_mixed_drivers = 0
fix_gated_clocks = 1

Mux style = Auto
Use Carry Chain = true
carry_chain_length = 0
Loop Limit = 1950.
Use IO Insertion = TRUE
Use IO Reg = AUTO

Resource Sharing = TRUE
Propagate Constants = TRUE
Remove Duplicate Registers = TRUE
force_gsr = auto
ROM style = auto
RAM style = auto
The -comp option is FALSE.
The -syn option is FALSE.
-p E:/fpgaproject/stepmxo2/swust/20.stepmotor2 (searchpath added)
-p E:/Iscc/diamond/3.8_x64/ispfpga/xo2c00/data (searchpath added)
-p E:/fpgaproject/stepmxo2/swust/20.stepmotor2/impl1 (searchpath added)
-p E:/fpgaproject/stepmxo2/swust/20.stepmotor2 (searchpath added)
Verilog design file = E:/fpgaproject/stepmxo2/swust/20.stepmotor2/impl1/source/divide.v
Verilog design file = E:/fpgaproject/stepmxo2/swust/20.stepmotor2/stepmotor2.v
NGD file = stepmotor2_impl1.ngd
-sdc option: SDC file input not used.
-lpf option: Output file option is ON.
Hardtimer checking is enabled (default). The -dt option is not used.
The -r option is OFF. [ Remove LOC Properties is OFF. ]
Technology check ok...

Analyzing Verilog file E:/Iscc/diamond/3.8_x64/ispfpga/userware/NT/SYNTHESIS_HEADERS/machxo2.v. VERI-1482
Compile design.
Compile Design Begin
Analyzing Verilog file e:/fpgaproject/stepmxo2/swust/20.stepmotor2/impl1/source/divide.v. VERI-1482
Analyzing Verilog file e:/fpgaproject/stepmxo2/swust/20.stepmotor2/stepmotor2.v. VERI-1482
Analyzing Verilog file E:/Iscc/diamond/3.8_x64/ispfpga/userware/NT/SYNTHESIS_HEADERS/machxo2.v. VERI-1482
Top module name (Verilog): stepmotor2
INFO - synthesis: e:/fpgaproject/stepmxo2/swust/20.stepmotor2/stepmotor2.v(15): compiling module stepmotor2. VERI-1018
INFO - synthesis: e:/fpgaproject/stepmxo2/swust/20.stepmotor2/impl1/source/divide.v(18): compiling module divide(WIDTH=24,N=12000000). VERI-1018
Loading NGL library 'E:/Iscc/diamond/3.8_x64/ispfpga/xo2c00a/data/xo2alib.ngl'...
Loading NGL library 'E:/Iscc/diamond/3.8_x64/ispfpga/xo2c00/data/xo2clib.ngl'...
Loading NGL library 'E:/Iscc/diamond/3.8_x64/ispfpga/mg5g00/data/mg5glib.ngl'...
Loading NGL library 'E:/Iscc/diamond/3.8_x64/ispfpga/or5g00/data/orc5glib.ngl'...
Loading device for application map from file 'xo2c4000.nph' in environment: E:/Iscc/diamond/3.8_x64/ispfpga.
Package Status:                     Final          Version 1.44.
Top-level module name = stepmotor2.



Duplicate register/latch removal. ctrl_i2 is a one-to-one match with cur_state_i1.
GSR instance connected to net rst_c.
Applying 1.000000 MHz constraint to all clocks

WARNING - synthesis: No user .sdc file.
Results of NGD DRC are available in stepmotor2_drc.log.
Loading NGL library 'E:/Iscc/diamond/3.8_x64/ispfpga/xo2c00a/data/xo2alib.ngl'...
Loading NGL library 'E:/Iscc/diamond/3.8_x64/ispfpga/xo2c00/data/xo2clib.ngl'...
Loading NGL library 'E:/Iscc/diamond/3.8_x64/ispfpga/mg5g00/data/mg5glib.ngl'...
Loading NGL library 'E:/Iscc/diamond/3.8_x64/ispfpga/or5g00/data/orc5glib.ngl'...
All blocks are expanded and NGD expansion is successful.
Writing NGD file stepmotor2_impl1.ngd.

################### Begin Area Report (stepmotor2)######################
Number of register bits => 30 of 4635 (0 % )
CCU2D => 13
FD1S3AX => 3
FD1S3AY => 2
FD1S3IX => 25
GSR => 1
IB => 3
LUT4 => 22
OB => 4
################### End Area Report ##################

################### Begin BlackBox Report ######################
TSALL => 1
################### End BlackBox Report ##################

################### Begin Clock Report ######################
Clock Nets
Number of Clocks: 2
  Net : clk_c, loads : 25
  Net : u1/clk1h, loads : 5
Clock Enable Nets
Number of Clock Enables: 0
Top 0 highest fanout Clock Enables:
Highest fanout non-clock nets
Top 10 highest fanout non-clock nets:
  Net : u1/n118, loads : 24
  Net : rst_c, loads : 6
  Net : led_c_1, loads : 5
  Net : dir_c, loads : 4
  Net : cur_state_0, loads : 3
  Net : u1/cnt_p_23, loads : 3
  Net : u1/cnt_p_22, loads : 3
  Net : u1/cnt_p_21, loads : 3
  Net : u1/cnt_p_15, loads : 3
  Net : u1/cnt_p_16, loads : 3
################### End Clock Report ##################

Timing Report Summary
--------------
--------------------------------------------------------------------------------
Constraint                              |   Constraint|       Actual|Levels
--------------------------------------------------------------------------------
                                        |             |             |
create_clock -period 1000.000000 -name  |             |             |
clk1 [get_nets clk1h]                   |    1.000 MHz|  285.714 MHz|     2  
                                        |             |             |
create_clock -period 1000.000000 -name  |             |             |
clk0 [get_nets clk_c]                   |    1.000 MHz|   99.315 MHz|     6  
                                        |             |             |
--------------------------------------------------------------------------------


All constraints were met.


Peak Memory Usage: 56.445  MB

--------------------------------------------------------------
Elapsed CPU time for LSE flow : 0.625  secs
--------------------------------------------------------------
