
             Lattice Mapping Report File for Design Module 'led'


Design Information
------------------

Command line:   map -a MachXO2 -p LCMXO2-4000HC -t CSBGA132 -s 4 -oc Commercial
     led_impl1.ngd -o led_impl1_map.ncd -pr led_impl1.prf -mp led_impl1.mrp -lpf
     E:/fpgaproject/stepmxo2/workshop/lab1/impl1/led_impl1.lpf -lpf
     E:/fpgaproject/stepmxo2/workshop/lab1/led.lpf -c 0 -gui -msgset
     E:/fpgaproject/stepmxo2/workshop/lab1/promote.xml 
Target Vendor:  LATTICE
Target Device:  LCMXO2-4000HCCSBGA132
Target Performance:   4
Mapper:  xo2c00,  version:  Diamond (64-bit) 3.8.0.115.3
Mapped on:  12/11/18  17:29:43

Design Summary
--------------

   Number of registers:      0 out of  4635 (0%)
      PFU registers:            0 out of  4320 (0%)
      PIO registers:            0 out of   315 (0%)
   Number of SLICEs:         0 out of  2160 (0%)
      SLICEs as Logic/ROM:      0 out of  2160 (0%)
      SLICEs as RAM:            0 out of  1620 (0%)
      SLICEs as Carry:          0 out of  2160 (0%)
   Number of LUT4s:          0 out of  4320 (0%)
      Number used as logic LUTs:          0
      Number used as distributed RAM:     0
      Number used as ripple logic:        0
      Number used as shift registers:     0
   Number of PIO sites used: 16 + 4(JTAG) out of 105 (19%)
   Number of block RAMs:  0 out of 10 (0%)
   Number of GSRs:  0 out of 1 (0%)
   EFB used :       No
   JTAG used :      No
   Readback used :  No
   Oscillator used :  No
   Startup used :   No
   POR :            On
   Bandgap :        On
   Number of Power Controller:  0 out of 1 (0%)
   Number of Dynamic Bank Controller (BCINRD):  0 out of 6 (0%)
   Number of Dynamic Bank Controller (BCLVDSO):  0 out of 1 (0%)
   Number of DCCA:  0 out of 8 (0%)
   Number of DCMA:  0 out of 2 (0%)
   Number of PLLs:  0 out of 2 (0%)
   Number of DQSDLLs:  0 out of 2 (0%)
   Number of CLKDIVC:  0 out of 4 (0%)
   Number of ECLKSYNCA:  0 out of 4 (0%)
   Number of ECLKBRIDGECS:  0 out of 2 (0%)
   Notes:-
      1. Total number of LUT4s = (Number of logic LUT4s) + 2*(Number of
     distributed RAMs) + 2*(Number of ripple logic)
      2. Number of logic LUT4s does not include count of distributed RAM and
     ripple logic.
   Number of clocks:  0
   Number of Clock Enables:  0
   Number of LSRs:  0
   Number of nets driven by tri-state buffers:  0

                                    Page 1




Design:  led                                           Date:  12/11/18  17:29:43

Design Summary (cont)
---------------------
   Top 10 highest fanout non-clock nets:
     Net led_c_0_c: 1 loads
     Net led_c_1_c: 1 loads
     Net led_c_2_c: 1 loads
     Net led_c_3_c: 1 loads
     Net n2_c: 1 loads
     Net n3_c: 1 loads
     Net n4_c: 1 loads
     Net n5_c: 1 loads




   Number of warnings:  0
   Number of errors:    0
     

Design Errors/Warnings
----------------------

   No errors or warnings present.

IO (PIO) Attributes
-------------------

+---------------------+-----------+-----------+------------+
| IO Name             | Direction | Levelmode | IO         |
|                     |           |  IO_TYPE  | Register   |
+---------------------+-----------+-----------+------------+
| led[7]              | OUTPUT    | LVCMOS33  |            |
+---------------------+-----------+-----------+------------+
| led[6]              | OUTPUT    | LVCMOS33  |            |
+---------------------+-----------+-----------+------------+
| led[5]              | OUTPUT    | LVCMOS33  |            |
+---------------------+-----------+-----------+------------+
| led[4]              | OUTPUT    | LVCMOS33  |            |
+---------------------+-----------+-----------+------------+
| led[3]              | OUTPUT    | LVCMOS33  |            |
+---------------------+-----------+-----------+------------+
| led[2]              | OUTPUT    | LVCMOS33  |            |
+---------------------+-----------+-----------+------------+
| led[1]              | OUTPUT    | LVCMOS33  |            |
+---------------------+-----------+-----------+------------+
| led[0]              | OUTPUT    | LVCMOS33  |            |
+---------------------+-----------+-----------+------------+
| key[3]              | INPUT     | LVCMOS33  |            |
+---------------------+-----------+-----------+------------+
| key[2]              | INPUT     | LVCMOS33  |            |
+---------------------+-----------+-----------+------------+
| key[1]              | INPUT     | LVCMOS33  |            |
+---------------------+-----------+-----------+------------+
| key[0]              | INPUT     | LVCMOS33  |            |
+---------------------+-----------+-----------+------------+
| sw[3]               | INPUT     | LVCMOS33  |            |
+---------------------+-----------+-----------+------------+
| sw[2]               | INPUT     | LVCMOS33  |            |

                                    Page 2




Design:  led                                           Date:  12/11/18  17:29:43

IO (PIO) Attributes (cont)
--------------------------
+---------------------+-----------+-----------+------------+
| sw[1]               | INPUT     | LVCMOS33  |            |
+---------------------+-----------+-----------+------------+
| sw[0]               | INPUT     | LVCMOS33  |            |
+---------------------+-----------+-----------+------------+

Removed logic
-------------

Block i24 undriven or does not drive anything - clipped.
Block GSR_INST undriven or does not drive anything - clipped.
Block i23 undriven or does not drive anything - clipped.
Signal VCC_net undriven or does not drive anything - clipped.
Signal GND_net undriven or does not drive anything - clipped.

Memory Usage
------------


     

Run Time and Memory Usage
-------------------------

   Total CPU Time: 0 secs  
   Total REAL Time: 0 secs  
   Peak Memory Usage: 48 MB
        





























                                    Page 3


Copyright (c) 1991-1994 by NeoCAD Inc. All rights reserved.
     Copyright (c) 1995 AT&T Corp.   All rights reserved.
     Copyright (c) 1995-2001 Lucent Technologies Inc.  All rights reserved.
     Copyright (c) 2001 Agere Systems   All rights reserved.
     Copyright (c) 2002-2016 Lattice Semiconductor Corporation,  All rights
     reserved.
