synthesis:  version Diamond (64-bit) 3.8.0.115.3

Copyright (c) 1991-1994 by NeoCAD Inc. All rights reserved.
Copyright (c) 1995 AT&T Corp.   All rights reserved.
Copyright (c) 1995-2001 Lucent Technologies Inc.  All rights reserved.
Copyright (c) 2001 Agere Systems   All rights reserved.
Copyright (c) 2002-2016 Lattice Semiconductor Corporation,  All rights reserved.
Thu Dec 13 17:40:08 2018


Command Line:  synthesis -f traffic_impl1_lattice.synproj -gui 

Synthesis options:
The -a option is MachXO2.
The -s option is 4.
The -t option is CSBGA132.
The -d option is LCMXO2-4000HC.
Using package CSBGA132.
Using performance grade 4.
                                                          

##########################################################

### Lattice Family : MachXO2

### Device  : LCMXO2-4000HC

### Package : CSBGA132

### Speed   : 4

##########################################################

                                                          

Optimization goal = Balanced
Top-level module name = traffic.
Target frequency = 1.000000 MHz.
Maximum fanout = 1000.
Timing path count = 3
BRAM utilization = 100.000000 %
DSP usage = true
DSP utilization = 100.000000 %
fsm_encoding_style = auto
resolve_mixed_drivers = 0
fix_gated_clocks = 1

Mux style = Auto
Use Carry Chain = true
carry_chain_length = 0
Loop Limit = 1950.
Use IO Insertion = TRUE
Use IO Reg = AUTO

Resource Sharing = TRUE
Propagate Constants = TRUE
Remove Duplicate Registers = TRUE
force_gsr = auto
ROM style = auto
RAM style = auto
The -comp option is FALSE.
The -syn option is FALSE.
-p E:/fpgaproject/stepmxo2/workshop/lab10 (searchpath added)
-p E:/Iscc/diamond/3.8_x64/ispfpga/xo2c00/data (searchpath added)
-p E:/fpgaproject/stepmxo2/workshop/lab10/impl1 (searchpath added)
-p E:/fpgaproject/stepmxo2/workshop/lab10 (searchpath added)
Verilog design file = E:/fpgaproject/stepmxo2/workshop/lab10/traffic.v
Verilog design file = E:/fpgaproject/stepmxo2/workshop/lab10/impl1/source/divide.v
NGD file = traffic_impl1.ngd
-sdc option: SDC file input not used.
-lpf option: Output file option is ON.
Hardtimer checking is enabled (default). The -dt option is not used.
The -r option is OFF. [ Remove LOC Properties is OFF. ]
Technology check ok...

Analyzing Verilog file E:/Iscc/diamond/3.8_x64/ispfpga/userware/NT/SYNTHESIS_HEADERS/machxo2.v. VERI-1482
Compile design.
Compile Design Begin
Analyzing Verilog file e:/fpgaproject/stepmxo2/workshop/lab10/traffic.v. VERI-1482
Analyzing Verilog file e:/fpgaproject/stepmxo2/workshop/lab10/impl1/source/divide.v. VERI-1482
Analyzing Verilog file E:/Iscc/diamond/3.8_x64/ispfpga/userware/NT/SYNTHESIS_HEADERS/machxo2.v. VERI-1482
Top module name (Verilog): traffic
INFO - synthesis: e:/fpgaproject/stepmxo2/workshop/lab10/traffic.v(19): compiling module traffic. VERI-1018
INFO - synthesis: e:/fpgaproject/stepmxo2/workshop/lab10/impl1/source/divide.v(18): compiling module divide(WIDTH=32,N=12000000). VERI-1018
WARNING - synthesis: e:/fpgaproject/stepmxo2/workshop/lab10/traffic.v(117): expression size 32 truncated to fit in target size 4. VERI-1209
WARNING - synthesis: e:/fpgaproject/stepmxo2/workshop/lab10/traffic.v(125): expression size 32 truncated to fit in target size 4. VERI-1209
WARNING - synthesis: e:/fpgaproject/stepmxo2/workshop/lab10/traffic.v(133): expression size 32 truncated to fit in target size 4. VERI-1209
WARNING - synthesis: e:/fpgaproject/stepmxo2/workshop/lab10/traffic.v(141): expression size 32 truncated to fit in target size 4. VERI-1209
Loading NGL library 'E:/Iscc/diamond/3.8_x64/ispfpga/xo2c00a/data/xo2alib.ngl'...
Loading NGL library 'E:/Iscc/diamond/3.8_x64/ispfpga/xo2c00/data/xo2clib.ngl'...
Loading NGL library 'E:/Iscc/diamond/3.8_x64/ispfpga/mg5g00/data/mg5glib.ngl'...
Loading NGL library 'E:/Iscc/diamond/3.8_x64/ispfpga/or5g00/data/orc5glib.ngl'...
Loading device for application map from file 'xo2c4000.nph' in environment: E:/Iscc/diamond/3.8_x64/ispfpga.
Package Status:                     Final          Version 1.44.
Top-level module name = traffic.



Duplicate register/latch removal. out_i3 is a one-to-one match with cur_state_i1.
GSR instance connected to net rst_n_c.
Applying 1.000000 MHz constraint to all clocks

WARNING - synthesis: No user .sdc file.
Results of NGD DRC are available in traffic_drc.log.
Loading NGL library 'E:/Iscc/diamond/3.8_x64/ispfpga/xo2c00a/data/xo2alib.ngl'...
Loading NGL library 'E:/Iscc/diamond/3.8_x64/ispfpga/xo2c00/data/xo2clib.ngl'...
Loading NGL library 'E:/Iscc/diamond/3.8_x64/ispfpga/mg5g00/data/mg5glib.ngl'...
Loading NGL library 'E:/Iscc/diamond/3.8_x64/ispfpga/or5g00/data/orc5glib.ngl'...
All blocks are expanded and NGD expansion is successful.
Writing NGD file traffic_impl1.ngd.

################### Begin Area Report (traffic)######################
Number of register bits => 44 of 4635 (0 % )
CCU2D => 30
FD1S3AX => 4
FD1S3AY => 4
FD1S3IX => 32
FD1S3JX => 4
GSR => 1
IB => 2
LUT4 => 27
OB => 6
PFUMX => 2
################### End Area Report ##################

################### Begin BlackBox Report ######################
TSALL => 1
################### End BlackBox Report ##################

################### Begin Clock Report ######################
Clock Nets
Number of Clocks: 2
  Net : clk_c, loads : 33
  Net : CLK1H/clk1h, loads : 11
Clock Enable Nets
Number of Clock Enables: 0
Top 0 highest fanout Clock Enables:
Highest fanout non-clock nets
Top 10 highest fanout non-clock nets:
  Net : CLK1H/n343, loads : 32
  Net : timecont_0, loads : 10
  Net : rst_n_c, loads : 7
  Net : cur_state_0, loads : 7
  Net : timecont_2, loads : 6
  Net : timecont_1, loads : 6
  Net : out_c_2, loads : 5
  Net : n623, loads : 5
  Net : timecont_3, loads : 4
  Net : n621, loads : 4
################### End Clock Report ##################

Timing Report Summary
--------------
--------------------------------------------------------------------------------
Constraint                              |   Constraint|       Actual|Levels
--------------------------------------------------------------------------------
                                        |             |             |
create_clock -period 1000.000000 -name  |             |             |
clk1 [get_nets clk_c]                   |    1.000 MHz|  114.247 MHz|     5  
                                        |             |             |
create_clock -period 1000.000000 -name  |             |             |
clk0 [get_nets clk1h]                   |    1.000 MHz|  113.999 MHz|     6  
                                        |             |             |
--------------------------------------------------------------------------------


All constraints were met.


Peak Memory Usage: 57.605  MB

--------------------------------------------------------------
Elapsed CPU time for LSE flow : 0.625  secs
--------------------------------------------------------------
