
synthesis -f "answer_impl1_lattice.synproj"
synthesis:  version Diamond (64-bit) 3.8.0.115.3

Copyright (c) 1991-1994 by NeoCAD Inc. All rights reserved.
Copyright (c) 1995 AT&T Corp.   All rights reserved.
Copyright (c) 1995-2001 Lucent Technologies Inc.  All rights reserved.
Copyright (c) 2001 Agere Systems   All rights reserved.
Copyright (c) 2002-2016 Lattice Semiconductor Corporation,  All rights reserved.
Fri Aug 17 15:49:33 2018


Command Line:  synthesis -f answer_impl1_lattice.synproj -gui -msgset E:/fpgaproject/stepmxo2/swust/21.answer/promote.xml 

    <postMsg mid="35002000" type="Info"    dynamic="0" navigation="0"  />
Synthesis options:
The -a option is MachXO2.
The -s option is 5.
The -t option is CSBGA132.
The -d option is LCMXO2-4000HC.
Using package CSBGA132.
Using performance grade 5.
                                                          

##########################################################

### Lattice Family : MachXO2

### Device  : LCMXO2-4000HC

### Package : CSBGA132

### Speed   : 5

##########################################################

                                                          

Optimization goal = Balanced
Top-level module name = answer.
Target frequency = 1.000000 MHz.
Maximum fanout = 1000.
Timing path count = 3
BRAM utilization = 100.000000 %
DSP usage = true
DSP utilization = 100.000000 %
fsm_encoding_style = auto
resolve_mixed_drivers = 0
fix_gated_clocks = 1

Mux style = Auto
Use Carry Chain = true
carry_chain_length = 0
Loop Limit = 1950.
Use IO Insertion = TRUE
Use IO Reg = AUTO

Resource Sharing = TRUE
Propagate Constants = TRUE
Remove Duplicate Registers = TRUE
force_gsr = auto
ROM style = auto
RAM style = auto
The -comp option is FALSE.
The -syn option is FALSE.
-p E:/fpgaproject/stepmxo2/swust/21.answer (searchpath added)
-p E:/Iscc/diamond/3.8_x64/ispfpga/xo2c00/data (searchpath added)
-p E:/fpgaproject/stepmxo2/swust/21.answer/impl1 (searchpath added)
-p E:/fpgaproject/stepmxo2/swust/21.answer (searchpath added)
Verilog design file = E:/fpgaproject/stepmxo2/swust/21.answer/answer.v
Verilog design file = E:/fpgaproject/stepmxo2/swust/21.answer/judge.v
Verilog design file = E:/fpgaproject/stepmxo2/swust/21.answer/score.v
Verilog design file = E:/fpgaproject/stepmxo2/swust/21.answer/impl1/source/debounce.v
Verilog design file = E:/fpgaproject/stepmxo2/swust/21.answer/dseg.v
Verilog design file = E:/fpgaproject/stepmxo2/swust/21.answer/impl1/source/segment_led.v
Verilog design file = E:/fpgaproject/stepmxo2/swust/21.answer/impl1/source/divide.v
NGD file = answer_impl1.ngd
-sdc option: SDC file input not used.
-lpf option: Output file option is ON.
Hardtimer checking is enabled (default). The -dt option is not used.
The -r option is OFF. [ Remove LOC Properties is OFF. ]
Technology check ok...

Analyzing Verilog file E:/Iscc/diamond/3.8_x64/ispfpga/userware/NT/SYNTHESIS_HEADERS/machxo2.v. VERI-1482
Compile design.
Compile Design Begin
Analyzing Verilog file e:/fpgaproject/stepmxo2/swust/21.answer/answer.v. VERI-1482
Analyzing Verilog file e:/fpgaproject/stepmxo2/swust/21.answer/judge.v. VERI-1482
Analyzing Verilog file e:/fpgaproject/stepmxo2/swust/21.answer/score.v. VERI-1482
Analyzing Verilog file e:/fpgaproject/stepmxo2/swust/21.answer/impl1/source/debounce.v. VERI-1482
Analyzing Verilog file e:/fpgaproject/stepmxo2/swust/21.answer/dseg.v. VERI-1482
Analyzing Verilog file e:/fpgaproject/stepmxo2/swust/21.answer/impl1/source/segment_led.v. VERI-1482
Analyzing Verilog file e:/fpgaproject/stepmxo2/swust/21.answer/impl1/source/divide.v. VERI-1482
Analyzing Verilog file E:/Iscc/diamond/3.8_x64/ispfpga/userware/NT/SYNTHESIS_HEADERS/machxo2.v. VERI-1482
Top module name (Verilog): answer
    <postMsg mid="35901018" type="Info"    dynamic="2" navigation="2" arg0="e:/fpgaproject/stepmxo2/swust/21.answer/answer.v(18): " arg1="answer" arg2="e:/fpgaproject/stepmxo2/swust/21.answer/answer.v" arg3="18"  />
    <postMsg mid="35901018" type="Info"    dynamic="2" navigation="2" arg0="e:/fpgaproject/stepmxo2/swust/21.answer/impl1/source/divide.v(18): " arg1="divide(WIDTH=24,N=12000000)" arg2="e:/fpgaproject/stepmxo2/swust/21.answer/impl1/source/divide.v" arg3="18"  />
    <postMsg mid="35901018" type="Info"    dynamic="2" navigation="2" arg0="e:/fpgaproject/stepmxo2/swust/21.answer/judge.v(14): " arg1="judge" arg2="e:/fpgaproject/stepmxo2/swust/21.answer/judge.v" arg3="14"  />
    <postMsg mid="35901018" type="Info"    dynamic="2" navigation="2" arg0="e:/fpgaproject/stepmxo2/swust/21.answer/score.v(13): " arg1="score" arg2="e:/fpgaproject/stepmxo2/swust/21.answer/score.v" arg3="13"  />
    <postMsg mid="35901018" type="Info"    dynamic="2" navigation="2" arg0="e:/fpgaproject/stepmxo2/swust/21.answer/impl1/source/debounce.v(18): " arg1="debounce(KEY_WIDTH=3)" arg2="e:/fpgaproject/stepmxo2/swust/21.answer/impl1/source/debounce.v" arg3="18"  />
    <postMsg mid="35901018" type="Info"    dynamic="2" navigation="2" arg0="e:/fpgaproject/stepmxo2/swust/21.answer/dseg.v(13): " arg1="dseg" arg2="e:/fpgaproject/stepmxo2/swust/21.answer/dseg.v" arg3="13"  />
    <postMsg mid="35901018" type="Info"    dynamic="2" navigation="2" arg0="e:/fpgaproject/stepmxo2/swust/21.answer/impl1/source/segment_led.v(18): " arg1="segment_led" arg2="e:/fpgaproject/stepmxo2/swust/21.answer/impl1/source/segment_led.v" arg3="18"  />
    <postMsg mid="35931002" type="Warning" dynamic="2" navigation="2" arg0="e:/fpgaproject/stepmxo2/swust/21.answer/impl1/source/segment_led.v(26): " arg1="seg" arg2="e:/fpgaproject/stepmxo2/swust/21.answer/impl1/source/segment_led.v" arg3="26"  />
    <postMsg mid="35931013" type="Warning" dynamic="2" navigation="2" arg0="e:/fpgaproject/stepmxo2/swust/21.answer/dseg.v(44): " arg1="seg_data_1[3]" arg2="e:/fpgaproject/stepmxo2/swust/21.answer/dseg.v" arg3="44"  />
Last elaborated design is answer()
Loading NGL library 'E:/Iscc/diamond/3.8_x64/ispfpga/xo2c00a/data/xo2alib.ngl'...
Loading NGL library 'E:/Iscc/diamond/3.8_x64/ispfpga/xo2c00/data/xo2clib.ngl'...
Loading NGL library 'E:/Iscc/diamond/3.8_x64/ispfpga/mg5g00/data/mg5glib.ngl'...
Loading NGL library 'E:/Iscc/diamond/3.8_x64/ispfpga/or5g00/data/orc5glib.ngl'...
Loading device for application map from file 'xo2c4000.nph' in environment: E:/Iscc/diamond/3.8_x64/ispfpga.
Package Status:                     Final          Version 1.44.
Top-level module name = answer.
    <postMsg mid="35931038" type="Warning" dynamic="2" navigation="2" arg0="e:/fpgaproject/stepmxo2/swust/21.answer/impl1/source/segment_led.v(26): " arg1="seg_original_ramnet" arg2="e:/fpgaproject/stepmxo2/swust/21.answer/impl1/source/segment_led.v" arg3="26"  />



GSR instance connected to net rst_c.
Applying 1.000000 MHz constraint to all clocks

    <postMsg mid="35001611" type="Warning" dynamic="0" navigation="0"  />
Results of NGD DRC are available in answer_drc.log.
Loading NGL library 'E:/Iscc/diamond/3.8_x64/ispfpga/xo2c00a/data/xo2alib.ngl'...
Loading NGL library 'E:/Iscc/diamond/3.8_x64/ispfpga/xo2c00/data/xo2clib.ngl'...
Loading NGL library 'E:/Iscc/diamond/3.8_x64/ispfpga/mg5g00/data/mg5glib.ngl'...
Loading NGL library 'E:/Iscc/diamond/3.8_x64/ispfpga/or5g00/data/orc5glib.ngl'...


Running DRC...

DRC complete with no errors or warnings

Design Results:
    289 blocks expanded
completed the first expansion
All blocks are expanded and NGD expansion is successful.
Writing NGD file answer_impl1.ngd.

################### Begin Area Report (answer)######################
Number of register bits => 84 of 4635 (1 % )
CCU2D => 23
FD1P3AX => 11
FD1P3AY => 3
FD1P3IX => 8
FD1P3JX => 2
FD1S3AX => 1
FD1S3AY => 8
FD1S3IX => 51
GSR => 1
IB => 9
LUT4 => 142
OB => 14
PFUMX => 13
################### End Area Report ##################

################### Begin BlackBox Report ######################
TSALL => 1
################### End BlackBox Report ##################

################### Begin Clock Report ######################
Clock Nets
Number of Clocks: 2
  Net : clk_c, loads : 71
  Net : u1/clk1h, loads : 14
Clock Enable Nets
Number of Clock Enables: 10
Top 10 highest fanout Clock Enables:
  Net : u3/u1/clk_c_enable_14, loads : 3
  Net : u2/clk1h_enable_5, loads : 1
  Net : u2/clk1h_enable_4, loads : 1
  Net : u2/clk1h_enable_1, loads : 1
  Net : u2/clk1h_enable_2, loads : 1
  Net : u2/clk1h_enable_3, loads : 1
Highest fanout non-clock nets
Top 10 highest fanout non-clock nets:
  Net : u1/n1056, loads : 24
  Net : rst_c, loads : 21
  Net : u3/u1/n5, loads : 19
  Net : u3/u1/reset_k, loads : 18
  Net : k4_c, loads : 16
  Net : u2/block, loads : 16
  Net : u3/u1/key_jit_1, loads : 15
  Net : u3/u1/key_jit_r_1, loads : 14
  Net : k1_c, loads : 10
  Net : u4/score_3_N_198_1, loads : 10
################### End Clock Report ##################

Timing Report Summary
--------------
--------------------------------------------------------------------------------
Constraint                              |   Constraint|       Actual|Levels
--------------------------------------------------------------------------------
                                        |             |             |
create_clock -period 1000.000000 -name  |             |             |
clk1 [get_nets clk1h]                   |    1.000 MHz|  103.157 MHz|     6  
                                        |             |             |
create_clock -period 1000.000000 -name  |             |             |
clk0 [get_nets clk_c]                   |    1.000 MHz|  103.659 MHz|     7  
                                        |             |             |
--------------------------------------------------------------------------------


All constraints were met.


Peak Memory Usage: 59.539  MB

--------------------------------------------------------------
Elapsed CPU time for LSE flow : 1.016  secs
--------------------------------------------------------------
