designverincludedir -clear
designverlibrarysim -PL -clear
designverlibrarysim -L -clear
designverlibrarysim -PL pmi_work
designverlibrarysim ovi_machxo2
designverdefinemacro -clear
addfile E:/fpgaproject/stepmxo2/swust/13.jk_ff/jk_ff.v
# Adding file E:\fpgaproject\stepmxo2\swust\13.jk_ff\jk_ff.v ... Done
addfile E:/fpgaproject/stepmxo2/swust/13.jk_ff/jk_ff_tb.v
# Adding file E:\fpgaproject\stepmxo2\swust\13.jk_ff\jk_ff_tb.v ... Done
vlib E:/fpgaproject/stepmxo2/swust/13.jk_ff/sim/work
# Warning: Library work already exists
adel -all
# Library contents cleared.
vlog -dbg -work work E:/fpgaproject/stepmxo2/swust/13.jk_ff/jk_ff.v
# Pass 1. Scanning modules hierarchy.
# Pass 2. Processing instantiations.
# Pass 3. Processing behavioral statements.
# ELB/DAG code generating.
# Unit top modules: jk_ff.
# $root top modules: jk_ff.
# Compile success 0 Errors 0 Warnings  Analysis time: 0[s].
# done
vlog -dbg -work work E:/fpgaproject/stepmxo2/swust/13.jk_ff/jk_ff_tb.v
# Pass 1. Scanning modules hierarchy.
# Info: VCP2113 Module \$root found in current working library.
# Info: VCP2113 Module jk_ff found in current working library.
# Pass 2. Processing instantiations.
# Pass 3. Processing behavioral statements.
# ELB/DAG code generating.
# Info: VCP2113 Module \$root found in current working library.
# Unit top modules: jk_ff_tb.
# $root top modules: jk_ff_tb.
# Compile success 0 Errors 0 Warnings  Analysis time: 0[s].
# done
module jk_ff_tb
# ELBREAD: Elaboration process.
# ELBREAD: Warning: Module 'jk_ff' does not have a `timescale directive, but previous modules do.
# ELBREAD: Elaboration time 0.0 [s].
vsim +access +r jk_ff_tb -PL pmi_work -L ovi_machxo2
# ELBREAD: Elaboration process.
# ELBREAD: Warning: Module 'jk_ff' does not have a `timescale directive, but previous modules do.
# ELBREAD: Elaboration time 0.0 [s].
# VSIM: Stack memory: 32MB
# VSIM: Retval memory: 32MB
# 
# KERNEL: Main thread initiated.
# KERNEL: Kernel process initialization phase.
# KERNEL: Time resolution set to 100ps.
# ELAB2: Elaboration final pass...
# ELAB2: Create instances ...
# ELAB2: Create instances complete.
# SLP: Started
# SLP: Elaboration phase ...
# SLP: Elaboration phase ... done : 0.1 [s]
# SLP: Generation phase ...
# SLP: Generation phase ... done : 0.8 [s]
# SLP: Finished : 0.9 [s]
# SLP: 0 primitives and 6 (100.00%) other processes in SLP
# SLP: 14 (100.00%) signals in SLP and 0 interface signals
# ELAB2: Elaboration final pass complete - time: 1.0 [s].
# KERNEL: SLP loading done - time: 0.0 [s].
# KERNEL: Warning: You are using the Active-HDL Lattice Edition. The performance of simulation is running at a reduced rate.
# KERNEL: Warning: Contact Aldec for available upgrade options - sales@aldec.com.
# KERNEL: SLP simulation initialization done - time: 0.0 [s].
# KERNEL: Kernel process initialization done.
# Allocation: Simulator allocated 5528 kB (elbread=1280 elab2=4103 kernel=144 sdf=0)
# KERNEL: ASDB file was created in location E:\fpgaproject\stepmxo2\swust\13.jk_ff\sim\src\wave.asdb
#  22:43, 2018Äê8ÔÂ7ÈÕ
#  Simulation has been initialized
add wave *
# 7 signal(s) traced.
run 1000ns
# Waveform file 'untitled.awc' connected to 'E:/fpgaproject/stepmxo2/swust/13.jk_ff/sim/src/wave.asdb'.
# KERNEL: stopped at time: 1 us
