
           Lattice Mapping Report File for Design Module 'segment'


Design Information
------------------

Command line:   map -a MachXO2 -p LCMXO2-4000HC -t CSBGA132 -s 5 -oc Commercial
     segment_impl1.ngd -o segment_impl1_map.ncd -pr segment_impl1.prf -mp
     segment_impl1.mrp -lpf
     E:/fpgaproject/stepmxo2/swust/10.segment/impl1/segment_impl1.lpf -lpf
     E:/fpgaproject/stepmxo2/swust/10.segment/segment.lpf -c 0 -gui 
Target Vendor:  LATTICE
Target Device:  LCMXO2-4000HCCSBGA132
Target Performance:   5
Mapper:  xo2c00,  version:  Diamond (64-bit) 3.8.0.115.3
Mapped on:  08/04/18  17:28:36

Design Summary
--------------

   Number of registers:      0 out of  4635 (0%)
      PFU registers:            0 out of  4320 (0%)
      PIO registers:            0 out of   315 (0%)
   Number of SLICEs:         8 out of  2160 (0%)
      SLICEs as Logic/ROM:      8 out of  2160 (0%)
      SLICEs as RAM:            0 out of  1620 (0%)
      SLICEs as Carry:          0 out of  2160 (0%)
   Number of LUT4s:         15 out of  4320 (0%)
      Number used as logic LUTs:         15
      Number used as distributed RAM:     0
      Number used as ripple logic:        0
      Number used as shift registers:     0
   Number of PIO sites used: 26 + 4(JTAG) out of 105 (29%)
   Number of block RAMs:  0 out of 10 (0%)
   Number of GSRs:  0 out of 1 (0%)
   EFB used :       No
   JTAG used :      No
   Readback used :  No
   Oscillator used :  No
   Startup used :   No
   POR :            On
   Bandgap :        On
   Number of Power Controller:  0 out of 1 (0%)
   Number of Dynamic Bank Controller (BCINRD):  0 out of 6 (0%)
   Number of Dynamic Bank Controller (BCLVDSO):  0 out of 1 (0%)
   Number of DCCA:  0 out of 8 (0%)
   Number of DCMA:  0 out of 2 (0%)
   Number of PLLs:  0 out of 2 (0%)
   Number of DQSDLLs:  0 out of 2 (0%)
   Number of CLKDIVC:  0 out of 4 (0%)
   Number of ECLKSYNCA:  0 out of 4 (0%)
   Number of ECLKBRIDGECS:  0 out of 2 (0%)
   Notes:-
      1. Total number of LUT4s = (Number of logic LUT4s) + 2*(Number of
     distributed RAMs) + 2*(Number of ripple logic)
      2. Number of logic LUT4s does not include count of distributed RAM and
     ripple logic.
   Number of clocks:  0
   Number of Clock Enables:  0
   Number of LSRs:  0
   Number of nets driven by tri-state buffers:  0

                                    Page 1




Design:  segment                                       Date:  08/04/18  17:28:36

Design Summary (cont)
---------------------
   Top 10 highest fanout non-clock nets:
     Net seg_data_1_c_0: 7 loads
     Net seg_data_1_c_1: 7 loads
     Net seg_data_1_c_2: 7 loads
     Net seg_data_1_c_3: 7 loads
     Net seg_data_2_c_0: 7 loads
     Net seg_data_2_c_1: 7 loads
     Net seg_data_2_c_2: 7 loads
     Net seg_data_2_c_3: 7 loads
     Net segment_led_1_c_6: 1 loads
     Net segment_led_2_c_3: 1 loads




   Number of warnings:  0
   Number of errors:    0
     

Design Errors/Warnings
----------------------

   No errors or warnings present.

IO (PIO) Attributes
-------------------

+---------------------+-----------+-----------+------------+
| IO Name             | Direction | Levelmode | IO         |
|                     |           |  IO_TYPE  | Register   |
+---------------------+-----------+-----------+------------+
| seg_data_2[0]       | INPUT     | LVCMOS25  |            |
+---------------------+-----------+-----------+------------+
| seg_data_2[1]       | INPUT     | LVCMOS25  |            |
+---------------------+-----------+-----------+------------+
| seg_data_2[2]       | INPUT     | LVCMOS25  |            |
+---------------------+-----------+-----------+------------+
| seg_data_2[3]       | INPUT     | LVCMOS25  |            |
+---------------------+-----------+-----------+------------+
| seg_data_1[0]       | INPUT     | LVCMOS25  |            |
+---------------------+-----------+-----------+------------+
| seg_data_1[1]       | INPUT     | LVCMOS25  |            |
+---------------------+-----------+-----------+------------+
| seg_data_1[2]       | INPUT     | LVCMOS25  |            |
+---------------------+-----------+-----------+------------+
| seg_data_1[3]       | INPUT     | LVCMOS25  |            |
+---------------------+-----------+-----------+------------+
| segment_led_2[0]    | OUTPUT    | LVCMOS25  |            |
+---------------------+-----------+-----------+------------+
| segment_led_2[1]    | OUTPUT    | LVCMOS25  |            |
+---------------------+-----------+-----------+------------+
| segment_led_2[2]    | OUTPUT    | LVCMOS25  |            |
+---------------------+-----------+-----------+------------+
| segment_led_2[3]    | OUTPUT    | LVCMOS25  |            |
+---------------------+-----------+-----------+------------+
| segment_led_2[4]    | OUTPUT    | LVCMOS25  |            |

                                    Page 2




Design:  segment                                       Date:  08/04/18  17:28:36

IO (PIO) Attributes (cont)
--------------------------
+---------------------+-----------+-----------+------------+
| segment_led_2[5]    | OUTPUT    | LVCMOS25  |            |
+---------------------+-----------+-----------+------------+
| segment_led_2[6]    | OUTPUT    | LVCMOS25  |            |
+---------------------+-----------+-----------+------------+
| segment_led_2[7]    | OUTPUT    | LVCMOS25  |            |
+---------------------+-----------+-----------+------------+
| segment_led_2[8]    | OUTPUT    | LVCMOS25  |            |
+---------------------+-----------+-----------+------------+
| segment_led_1[0]    | OUTPUT    | LVCMOS25  |            |
+---------------------+-----------+-----------+------------+
| segment_led_1[1]    | OUTPUT    | LVCMOS25  |            |
+---------------------+-----------+-----------+------------+
| segment_led_1[2]    | OUTPUT    | LVCMOS25  |            |
+---------------------+-----------+-----------+------------+
| segment_led_1[3]    | OUTPUT    | LVCMOS25  |            |
+---------------------+-----------+-----------+------------+
| segment_led_1[4]    | OUTPUT    | LVCMOS25  |            |
+---------------------+-----------+-----------+------------+
| segment_led_1[5]    | OUTPUT    | LVCMOS25  |            |
+---------------------+-----------+-----------+------------+
| segment_led_1[6]    | OUTPUT    | LVCMOS25  |            |
+---------------------+-----------+-----------+------------+
| segment_led_1[7]    | OUTPUT    | LVCMOS25  |            |
+---------------------+-----------+-----------+------------+
| segment_led_1[8]    | OUTPUT    | LVCMOS25  |            |
+---------------------+-----------+-----------+------------+

Removed logic
-------------

Block i269 undriven or does not drive anything - clipped.
Block GSR_INST undriven or does not drive anything - clipped.
Signal VCC_net undriven or does not drive anything - clipped.

Memory Usage
------------


     

Run Time and Memory Usage
-------------------------

   Total CPU Time: 0 secs  
   Total REAL Time: 0 secs  
   Peak Memory Usage: 48 MB
        









                                    Page 3


Copyright (c) 1991-1994 by NeoCAD Inc. All rights reserved.
     Copyright (c) 1995 AT&T Corp.   All rights reserved.
     Copyright (c) 1995-2001 Lucent Technologies Inc.  All rights reserved.
     Copyright (c) 2001 Agere Systems   All rights reserved.
     Copyright (c) 2002-2016 Lattice Semiconductor Corporation,  All rights
     reserved.
