synthesis:  version Diamond (64-bit) 3.8.0.115.3

Copyright (c) 1991-1994 by NeoCAD Inc. All rights reserved.
Copyright (c) 1995 AT&T Corp.   All rights reserved.
Copyright (c) 1995-2001 Lucent Technologies Inc.  All rights reserved.
Copyright (c) 2001 Agere Systems   All rights reserved.
Copyright (c) 2002-2016 Lattice Semiconductor Corporation,  All rights reserved.
Sat Aug 04 16:38:15 2018


Command Line:  synthesis -f jk_ff_impl1_lattice.synproj -gui 

Synthesis options:
The -a option is MachXO2.
The -s option is 5.
The -t option is CSBGA132.
The -d option is LCMXO2-4000HC.
Using package CSBGA132.
Using performance grade 5.
                                                          

##########################################################

### Lattice Family : MachXO2

### Device  : LCMXO2-4000HC

### Package : CSBGA132

### Speed   : 5

##########################################################

                                                          

Optimization goal = Balanced
Top-level module name = jk_ff.
Target frequency = 1.000000 MHz.
Maximum fanout = 1000.
Timing path count = 3
BRAM utilization = 100.000000 %
DSP usage = true
DSP utilization = 100.000000 %
fsm_encoding_style = auto
resolve_mixed_drivers = 0
fix_gated_clocks = 1

Mux style = Auto
Use Carry Chain = true
carry_chain_length = 0
Loop Limit = 1950.
Use IO Insertion = TRUE
Use IO Reg = AUTO

Resource Sharing = TRUE
Propagate Constants = TRUE
Remove Duplicate Registers = TRUE
force_gsr = auto
ROM style = auto
RAM style = auto
The -comp option is FALSE.
The -syn option is FALSE.
-p E:/fpgaproject/stepmxo2/swust/12.jk_ff (searchpath added)
-p E:/Iscc/diamond/3.8_x64/ispfpga/xo2c00/data (searchpath added)
-p E:/fpgaproject/stepmxo2/swust/12.jk_ff/impl1 (searchpath added)
-p E:/fpgaproject/stepmxo2/swust/12.jk_ff (searchpath added)
Verilog design file = E:/fpgaproject/stepmxo2/swust/12.jk_ff/jk_ff.v
NGD file = jk_ff_impl1.ngd
-sdc option: SDC file input not used.
-lpf option: Output file option is ON.
Hardtimer checking is enabled (default). The -dt option is not used.
The -r option is OFF. [ Remove LOC Properties is OFF. ]
Technology check ok...

Analyzing Verilog file E:/Iscc/diamond/3.8_x64/ispfpga/userware/NT/SYNTHESIS_HEADERS/machxo2.v. VERI-1482
Compile design.
Compile Design Begin
Analyzing Verilog file e:/fpgaproject/stepmxo2/swust/12.jk_ff/jk_ff.v. VERI-1482
Analyzing Verilog file E:/Iscc/diamond/3.8_x64/ispfpga/userware/NT/SYNTHESIS_HEADERS/machxo2.v. VERI-1482
Top module name (Verilog): jk_ff
INFO - synthesis: e:/fpgaproject/stepmxo2/swust/12.jk_ff/jk_ff.v(12): compiling module jk_ff. VERI-1018
Loading NGL library 'E:/Iscc/diamond/3.8_x64/ispfpga/xo2c00a/data/xo2alib.ngl'...
Loading NGL library 'E:/Iscc/diamond/3.8_x64/ispfpga/xo2c00/data/xo2clib.ngl'...
Loading NGL library 'E:/Iscc/diamond/3.8_x64/ispfpga/mg5g00/data/mg5glib.ngl'...
Loading NGL library 'E:/Iscc/diamond/3.8_x64/ispfpga/or5g00/data/orc5glib.ngl'...
Loading device for application map from file 'xo2c4000.nph' in environment: E:/Iscc/diamond/3.8_x64/ispfpga.
Package Status:                     Final          Version 1.44.
Top-level module name = jk_ff.



GSR instance connected to net rst_c.
Applying 1.000000 MHz constraint to all clocks

WARNING - synthesis: No user .sdc file.
Results of NGD DRC are available in jk_ff_drc.log.
Loading NGL library 'E:/Iscc/diamond/3.8_x64/ispfpga/xo2c00a/data/xo2alib.ngl'...
Loading NGL library 'E:/Iscc/diamond/3.8_x64/ispfpga/xo2c00/data/xo2clib.ngl'...
Loading NGL library 'E:/Iscc/diamond/3.8_x64/ispfpga/mg5g00/data/mg5glib.ngl'...
Loading NGL library 'E:/Iscc/diamond/3.8_x64/ispfpga/or5g00/data/orc5glib.ngl'...
WARNING - synthesis: logical net 'GND_net' has no load.
WARNING - synthesis: DRC complete with 1 warnings.
All blocks are expanded and NGD expansion is successful.
Writing NGD file jk_ff_impl1.ngd.

################### Begin Area Report (jk_ff)######################
Number of register bits => 3 of 4635 (0 % )
FD1S1A => 1
FD1S3AX => 1
FD1S3BX => 1
GSR => 1
IB => 5
LUT4 => 5
OB => 2
################### End Area Report ##################

################### Begin BlackBox Report ######################
TSALL => 1
################### End BlackBox Report ##################

################### Begin Clock Report ######################
Clock Nets
Number of Clocks: 2
  Net : clk_c, loads : 2
  Net : q_N_2, loads : 2
Clock Enable Nets
Number of Clock Enables: 0
Top 0 highest fanout Clock Enables:
Highest fanout non-clock nets
Top 10 highest fanout non-clock nets:
  Net : rst_c, loads : 2
  Net : n21, loads : 2
  Net : n20, loads : 2
  Net : n22, loads : 2
  Net : n19, loads : 2
  Net : n33, loads : 2
  Net : j_c, loads : 1
  Net : k_c, loads : 1
  Net : set_c, loads : 1
  Net : qb_c, loads : 1
################### End Clock Report ##################

Timing Report Summary
--------------
--------------------------------------------------------------------------------
Constraint                              |   Constraint|       Actual|Levels
--------------------------------------------------------------------------------
                                        |             |             |
create_clock -period 1000.000000 -name  |             |             |
clk1 [get_nets q_N_2]                   |            -|            -|     0  
                                        |             |             |
create_clock -period 1000.000000 -name  |             |             |
clk0 [get_nets clk_c]                   |    1.000 MHz|  229.621 MHz|     3  
                                        |             |             |
--------------------------------------------------------------------------------


All constraints were met.


Peak Memory Usage: 53.328  MB

--------------------------------------------------------------
Elapsed CPU time for LSE flow : 0.531  secs
--------------------------------------------------------------
