
             Lattice Mapping Report File for Design Module 'ring'


Design Information
------------------

Command line:   map -a MachXO2 -p LCMXO2-4000HC -t CSBGA132 -s 5 -oc Commercial
     ring_impl1.ngd -o ring_impl1_map.ncd -pr ring_impl1.prf -mp ring_impl1.mrp
     -lpf E:/fpgaproject/stepmxo2/swust/15.ring/impl1/ring_impl1.lpf -lpf
     E:/fpgaproject/stepmxo2/swust/15.ring/ring.lpf -c 0 -gui 
Target Vendor:  LATTICE
Target Device:  LCMXO2-4000HCCSBGA132
Target Performance:   5
Mapper:  xo2c00,  version:  Diamond (64-bit) 3.8.0.115.3
Mapped on:  08/04/18  22:19:47

Design Summary
--------------

   Number of registers:      8 out of  4635 (0%)
      PFU registers:            8 out of  4320 (0%)
      PIO registers:            0 out of   315 (0%)
   Number of SLICEs:         4 out of  2160 (0%)
      SLICEs as Logic/ROM:      4 out of  2160 (0%)
      SLICEs as RAM:            0 out of  1620 (0%)
      SLICEs as Carry:          0 out of  2160 (0%)
   Number of LUT4s:          0 out of  4320 (0%)
      Number used as logic LUTs:          0
      Number used as distributed RAM:     0
      Number used as ripple logic:        0
      Number used as shift registers:     0
   Number of PIO sites used: 10 + 4(JTAG) out of 105 (13%)
   Number of block RAMs:  0 out of 10 (0%)
   Number of GSRs:  0 out of 1 (0%)
   EFB used :       No
   JTAG used :      No
   Readback used :  No
   Oscillator used :  No
   Startup used :   No
   POR :            On
   Bandgap :        On
   Number of Power Controller:  0 out of 1 (0%)
   Number of Dynamic Bank Controller (BCINRD):  0 out of 6 (0%)
   Number of Dynamic Bank Controller (BCLVDSO):  0 out of 1 (0%)
   Number of DCCA:  0 out of 8 (0%)
   Number of DCMA:  0 out of 2 (0%)
   Number of PLLs:  0 out of 2 (0%)
   Number of DQSDLLs:  0 out of 2 (0%)
   Number of CLKDIVC:  0 out of 4 (0%)
   Number of ECLKSYNCA:  0 out of 4 (0%)
   Number of ECLKBRIDGECS:  0 out of 2 (0%)
   Notes:-
      1. Total number of LUT4s = (Number of logic LUT4s) + 2*(Number of
     distributed RAMs) + 2*(Number of ripple logic)
      2. Number of logic LUT4s does not include count of distributed RAM and
     ripple logic.
   Number of clocks:  1
     Net clk_c: 4 loads, 4 rising, 0 falling (Driver: PIO clk )
   Number of Clock Enables:  0
   Number of LSRs:  1
     Net rst_c: 4 loads, 4 LSLICEs

                                    Page 1




Design:  ring                                          Date:  08/04/18  22:19:47

Design Summary (cont)
---------------------
   Number of nets driven by tri-state buffers:  0
   Top 10 highest fanout non-clock nets:
     Net rst_c: 4 loads
     Net cnt_c_0: 2 loads
     Net cnt_c_1: 2 loads
     Net cnt_c_2: 2 loads
     Net cnt_c_3: 2 loads
     Net cnt_c_4: 2 loads
     Net cnt_c_5: 2 loads
     Net cnt_c_6: 2 loads
     Net cnt_c_7: 2 loads




   Number of warnings:  0
   Number of errors:    0
     

Design Errors/Warnings
----------------------

   No errors or warnings present.

IO (PIO) Attributes
-------------------

+---------------------+-----------+-----------+------------+
| IO Name             | Direction | Levelmode | IO         |
|                     |           |  IO_TYPE  | Register   |
+---------------------+-----------+-----------+------------+
| cnt[7]              | OUTPUT    | LVCMOS25  |            |
+---------------------+-----------+-----------+------------+
| cnt[5]              | OUTPUT    | LVCMOS25  |            |
+---------------------+-----------+-----------+------------+
| cnt[6]              | OUTPUT    | LVCMOS25  |            |
+---------------------+-----------+-----------+------------+
| cnt[4]              | OUTPUT    | LVCMOS25  |            |
+---------------------+-----------+-----------+------------+
| cnt[3]              | OUTPUT    | LVCMOS25  |            |
+---------------------+-----------+-----------+------------+
| cnt[2]              | OUTPUT    | LVCMOS25  |            |
+---------------------+-----------+-----------+------------+
| cnt[1]              | OUTPUT    | LVCMOS25  |            |
+---------------------+-----------+-----------+------------+
| cnt[0]              | OUTPUT    | LVCMOS25  |            |
+---------------------+-----------+-----------+------------+
| clk                 | INPUT     | LVCMOS25  |            |
+---------------------+-----------+-----------+------------+
| rst                 | INPUT     | LVCMOS25  |            |
+---------------------+-----------+-----------+------------+

Removed logic
-------------

Block i2 undriven or does not drive anything - clipped.

                                    Page 2




Design:  ring                                          Date:  08/04/18  22:19:47

Removed logic (cont)
--------------------
Block GSR_INST undriven or does not drive anything - clipped.
Block i17 undriven or does not drive anything - clipped.
Signal n35 was merged into signal rst_c
Signal VCC_net undriven or does not drive anything - clipped.
Signal GND_net undriven or does not drive anything - clipped.
Block i13_1_lut was optimized away.

Memory Usage
------------


     

Run Time and Memory Usage
-------------------------

   Total CPU Time: 0 secs  
   Total REAL Time: 0 secs  
   Peak Memory Usage: 47 MB
        





































                                    Page 3


Copyright (c) 1991-1994 by NeoCAD Inc. All rights reserved.
     Copyright (c) 1995 AT&T Corp.   All rights reserved.
     Copyright (c) 1995-2001 Lucent Technologies Inc.  All rights reserved.
     Copyright (c) 2001 Agere Systems   All rights reserved.
     Copyright (c) 2002-2016 Lattice Semiconductor Corporation,  All rights
     reserved.
